{
  "RSpec": {
    "coverage": {
      "/home/frederico/code/projects/crypto_tracker_v2/app/models/user.rb": {
        "lines": [
          1,
          1,
          null,
          1,
          null,
          null,
          1,
          null,
          1,
          null,
          1,
          39,
          null,
          null
        ]
      },
      "/home/frederico/code/projects/crypto_tracker_v2/app/models/application_record.rb": {
        "lines": [
          1,
          1,
          null
        ]
      },
      "/home/frederico/code/projects/crypto_tracker_v2/app/models/coin.rb": {
        "lines": [
          1,
          1,
          null,
          1,
          1,
          1,
          null,
          1,
          2,
          2,
          6,
          null,
          null,
          null,
          null,
          null,
          null,
          null,
          null,
          null,
          1,
          2,
          2,
          null,
          null
        ]
      },
      "/home/frederico/code/projects/crypto_tracker_v2/app/models/holding.rb": {
        "lines": [
          1,
          1,
          1,
          null,
          1,
          null,
          1,
          null,
          1,
          null,
          1,
          5,
          2,
          2,
          null,
          null,
          1,
          5,
          3,
          2,
          2,
          null,
          null,
          1,
          5,
          3,
          3,
          null,
          null,
          1,
          21,
          null,
          null,
          1,
          null,
          1,
          66,
          2,
          null,
          null,
          null,
          1,
          0,
          null,
          null
        ]
      },
      "/home/frederico/code/projects/crypto_tracker_v2/app/models/portfolio.rb": {
        "lines": [
          1,
          1,
          1,
          1,
          null,
          1,
          null,
          1,
          17,
          null,
          14,
          14,
          14,
          18,
          18,
          null,
          null,
          null,
          1,
          22,
          24,
          24,
          null,
          null,
          null
        ]
      },
      "/home/frederico/code/projects/crypto_tracker_v2/app/services/api_connection_service.rb": {
        "lines": [
          1,
          1,
          24,
          null,
          null,
          null,
          null,
          null
        ]
      },
      "/home/frederico/code/projects/crypto_tracker_v2/app/services/api_requests_service.rb": {
        "lines": [
          1,
          1,
          31,
          null,
          null,
          1,
          17,
          3,
          3,
          3,
          3,
          null,
          null,
          17,
          null,
          null,
          1,
          5,
          0,
          0,
          0,
          0,
          0,
          0,
          0,
          0,
          null,
          null,
          5,
          2,
          1,
          null,
          null,
          1,
          null,
          1,
          8,
          null,
          null
        ]
      },
      "/home/frederico/code/projects/crypto_tracker_v2/app/models/account.rb": {
        "lines": [
          1,
          1,
          1,
          null,
          1,
          null,
          1,
          null,
          1,
          39,
          null,
          null
        ]
      },
      "/home/frederico/code/projects/crypto_tracker_v2/app/exceptions/api_error.rb": {
        "lines": [
          1,
          null
        ]
      },
      "/home/frederico/code/projects/crypto_tracker_v2/app/controllers/user/registrations_controller.rb": {
        "lines": [
          null,
          null,
          1,
          null,
          null,
          null,
          null,
          null,
          null,
          null,
          null,
          null,
          null,
          null,
          null,
          null,
          null,
          null,
          null,
          null,
          null,
          null,
          null,
          null,
          null,
          null,
          null,
          null,
          null,
          null,
          null,
          null,
          null,
          null,
          null,
          null,
          null,
          null,
          null,
          null,
          null,
          null,
          null,
          null,
          null,
          null,
          null,
          null,
          null,
          null,
          null,
          null,
          null,
          null,
          null,
          null,
          null,
          null,
          null,
          null,
          null,
          null,
          null,
          null,
          null,
          null
        ]
      },
      "/home/frederico/code/projects/crypto_tracker_v2/app/controllers/application_controller.rb": {
        "lines": [
          1,
          null
        ]
      },
      "/home/frederico/code/projects/crypto_tracker_v2/app/controllers/home_controller.rb": {
        "lines": [
          1,
          null,
          null,
          1,
          18,
          12,
          null,
          6,
          null,
          null,
          null,
          1,
          null
        ]
      },
      "/home/frederico/code/projects/crypto_tracker_v2/app/controllers/coins_controller.rb": {
        "lines": [
          1,
          1,
          1,
          null,
          null
        ]
      },
      "/home/frederico/code/projects/crypto_tracker_v2/app/controllers/portfolios_controller.rb": {
        "lines": [
          1,
          1,
          1,
          1,
          1,
          null,
          1,
          3,
          null,
          null,
          1,
          2,
          null,
          2,
          1,
          null,
          1,
          1,
          null,
          null,
          null,
          1,
          null,
          1,
          17,
          17,
          35,
          null,
          null,
          1,
          null,
          1,
          17,
          null,
          null,
          1,
          5,
          null,
          null,
          1,
          2,
          null,
          null,
          1,
          17,
          17,
          null,
          null
        ]
      },
      "/home/frederico/code/projects/crypto_tracker_v2/app/controllers/holdings_controller.rb": {
        "lines": [
          1,
          1,
          1,
          1,
          1,
          1,
          1,
          null,
          1,
          3,
          null,
          null,
          1,
          2,
          2,
          null,
          2,
          1,
          null,
          1,
          1,
          1,
          null,
          null,
          null,
          1,
          null,
          6,
          null,
          2,
          1,
          null,
          2,
          1,
          null,
          2,
          1,
          null,
          3,
          3,
          3,
          3,
          3,
          null,
          null,
          null,
          1,
          0,
          0,
          0,
          null,
          null,
          null,
          1,
          null,
          1,
          14,
          null,
          null,
          1,
          2,
          null,
          null,
          1,
          27,
          null,
          null,
          1,
          2,
          null,
          null,
          1,
          7,
          null,
          null,
          1,
          6,
          null,
          null,
          null,
          null,
          null,
          1,
          8,
          8,
          null,
          null
        ]
      },
      "/home/frederico/code/projects/crypto_tracker_v2/app/controllers/user/sessions_controller.rb": {
        "lines": [
          null,
          null,
          1,
          null,
          null,
          null,
          null,
          null,
          null,
          null,
          null,
          null,
          null,
          null,
          null,
          null,
          null,
          null,
          null,
          null,
          null,
          null,
          null,
          null,
          null,
          null,
          null
        ]
      },
      "/home/frederico/code/projects/crypto_tracker_v2/app/controllers/user/confirmations_controller.rb": {
        "lines": [
          null,
          null,
          0,
          null,
          null,
          null,
          null,
          null,
          null,
          null,
          null,
          null,
          null,
          null,
          null,
          null,
          null,
          null,
          null,
          null,
          null,
          null,
          null,
          null,
          null,
          null,
          null,
          null,
          null,
          0
        ],
        "branches": {
        }
      },
      "/home/frederico/code/projects/crypto_tracker_v2/app/controllers/user/omniauth_callbacks_controller.rb": {
        "lines": [
          null,
          null,
          0,
          null,
          null,
          null,
          null,
          null,
          null,
          null,
          null,
          null,
          null,
          null,
          null,
          null,
          null,
          null,
          null,
          null,
          null,
          null,
          null,
          null,
          null,
          null,
          null,
          null,
          null,
          0
        ],
        "branches": {
        }
      },
      "/home/frederico/code/projects/crypto_tracker_v2/app/controllers/user/passwords_controller.rb": {
        "lines": [
          null,
          null,
          0,
          null,
          null,
          null,
          null,
          null,
          null,
          null,
          null,
          null,
          null,
          null,
          null,
          null,
          null,
          null,
          null,
          null,
          null,
          null,
          null,
          null,
          null,
          null,
          null,
          null,
          null,
          null,
          null,
          null,
          null,
          0
        ],
        "branches": {
        }
      },
      "/home/frederico/code/projects/crypto_tracker_v2/app/controllers/user/unlocks_controller.rb": {
        "lines": [
          null,
          null,
          0,
          null,
          null,
          null,
          null,
          null,
          null,
          null,
          null,
          null,
          null,
          null,
          null,
          null,
          null,
          null,
          null,
          null,
          null,
          null,
          null,
          null,
          null,
          null,
          null,
          null,
          null,
          0
        ],
        "branches": {
        }
      }
    },
    "timestamp": 1702943996
  }
}
