{
  "RSpec": {
    "coverage": {
      "/home/frederico/code/projects/crypto_tracker_v2/app/models/user.rb": {
        "lines": [
          1,
          1,
          null,
          1,
          null,
          null,
          1,
          null,
          1,
          null,
          1,
          1,
          null,
          null
        ]
      },
      "/home/frederico/code/projects/crypto_tracker_v2/app/models/application_record.rb": {
        "lines": [
          1,
          1,
          null
        ]
      },
      "/home/frederico/code/projects/crypto_tracker_v2/app/helpers/application_helper.rb": {
        "lines": [
          1,
          null
        ]
      },
      "/home/frederico/code/projects/crypto_tracker_v2/app/helpers/coins_helper.rb": {
        "lines": [
          1,
          null
        ]
      },
      "/home/frederico/code/projects/crypto_tracker_v2/app/helpers/deposits_helper.rb": {
        "lines": [
          1,
          null
        ]
      },
      "/home/frederico/code/projects/crypto_tracker_v2/app/helpers/holdings_helper.rb": {
        "lines": [
          1,
          null
        ]
      },
      "/home/frederico/code/projects/crypto_tracker_v2/app/helpers/home_helper.rb": {
        "lines": [
          1,
          null
        ]
      },
      "/home/frederico/code/projects/crypto_tracker_v2/app/helpers/portfolios_helper.rb": {
        "lines": [
          1,
          null
        ]
      },
      "/home/frederico/code/projects/crypto_tracker_v2/app/helpers/updates_helper.rb": {
        "lines": [
          1,
          null
        ]
      },
      "/home/frederico/code/projects/crypto_tracker_v2/app/helpers/withdraws_helper.rb": {
        "lines": [
          1,
          null
        ]
      },
      "/home/frederico/code/projects/crypto_tracker_v2/app/services/api_connection_service.rb": {
        "lines": [
          1,
          1,
          1,
          null,
          null,
          null,
          null,
          null
        ]
      },
      "/home/frederico/code/projects/crypto_tracker_v2/app/models/coin.rb": {
        "lines": [
          1,
          1,
          null,
          1,
          1,
          1,
          null,
          1,
          0,
          0,
          0,
          null,
          null,
          null,
          null,
          null,
          null,
          null,
          null,
          null,
          1,
          0,
          0,
          null,
          null
        ]
      },
      "/home/frederico/code/projects/crypto_tracker_v2/app/models/account.rb": {
        "lines": [
          1,
          1,
          1,
          null,
          1,
          null,
          1,
          null,
          1,
          1,
          null,
          null
        ]
      },
      "/home/frederico/code/projects/crypto_tracker_v2/app/models/portfolio.rb": {
        "lines": [
          1,
          1,
          1,
          1,
          null,
          1,
          null,
          1,
          1,
          null,
          1,
          1,
          1,
          3,
          3,
          null,
          null,
          null,
          1,
          1,
          3,
          3,
          null,
          null,
          null
        ]
      },
      "/home/frederico/code/projects/crypto_tracker_v2/app/models/holding.rb": {
        "lines": [
          1,
          1,
          1,
          null,
          1,
          null,
          1,
          null,
          1,
          null,
          1,
          0,
          0,
          0,
          null,
          null,
          1,
          0,
          0,
          0,
          0,
          null,
          null,
          1,
          0,
          0,
          0,
          null,
          null,
          1,
          3,
          null,
          null,
          1,
          null,
          1,
          6,
          0,
          null,
          null,
          null,
          1,
          0,
          null,
          null
        ]
      },
      "/home/frederico/code/projects/crypto_tracker_v2/app/controllers/home_controller.rb": {
        "lines": [
          1,
          null,
          null,
          1,
          1,
          1,
          null,
          0,
          null,
          null,
          null,
          1,
          null
        ]
      },
      "/home/frederico/code/projects/crypto_tracker_v2/app/controllers/application_controller.rb": {
        "lines": [
          1,
          null
        ]
      },
      "/home/frederico/code/projects/crypto_tracker_v2/app/controllers/portfolios_controller.rb": {
        "lines": [
          1,
          1,
          1,
          1,
          1,
          null,
          1,
          0,
          null,
          null,
          1,
          0,
          null,
          0,
          0,
          null,
          0,
          0,
          null,
          null,
          null,
          1,
          null,
          1,
          1,
          1,
          4,
          null,
          null,
          1,
          null,
          1,
          1,
          null,
          null,
          1,
          0,
          null,
          null,
          1,
          0,
          null,
          null,
          1,
          1,
          1,
          null,
          null
        ]
      },
      "/home/frederico/code/projects/crypto_tracker_v2/app/services/api_requests_service.rb": {
        "lines": [
          1,
          1,
          1,
          null,
          null,
          1,
          1,
          0,
          0,
          0,
          0,
          null,
          null,
          1,
          null,
          null,
          1,
          0,
          0,
          0,
          0,
          0,
          0,
          0,
          0,
          0,
          null,
          null,
          0,
          0,
          0,
          null,
          null,
          1,
          null,
          1,
          0,
          null,
          null
        ]
      },
      "/home/frederico/code/projects/crypto_tracker_v2/app/controllers/coins_controller.rb": {
        "lines": [
          0,
          0,
          0,
          0,
          0
        ],
        "branches": {
        }
      },
      "/home/frederico/code/projects/crypto_tracker_v2/app/controllers/holdings_controller.rb": {
        "lines": [
          0,
          0,
          0,
          0,
          0,
          0,
          0,
          null,
          0,
          0,
          0,
          null,
          0,
          0,
          0,
          null,
          0,
          0,
          0,
          0,
          0,
          0,
          0,
          0,
          null,
          0,
          0,
          0,
          0,
          0,
          0,
          0,
          0,
          0,
          0,
          0,
          0,
          0,
          0,
          0,
          0,
          0,
          0,
          0,
          0,
          null,
          0,
          0,
          0,
          0,
          0,
          0,
          null,
          0,
          null,
          0,
          0,
          0,
          null,
          0,
          0,
          0,
          null,
          0,
          0,
          0,
          null,
          0,
          0,
          0,
          null,
          0,
          0,
          0,
          null,
          0,
          0,
          0,
          0,
          0,
          0,
          null,
          0,
          0,
          0,
          0,
          0
        ],
        "branches": {
        }
      },
      "/home/frederico/code/projects/crypto_tracker_v2/app/controllers/user/confirmations_controller.rb": {
        "lines": [
          null,
          null,
          0,
          null,
          null,
          null,
          null,
          null,
          null,
          null,
          null,
          null,
          null,
          null,
          null,
          null,
          null,
          null,
          null,
          null,
          null,
          null,
          null,
          null,
          null,
          null,
          null,
          null,
          null,
          0
        ],
        "branches": {
        }
      },
      "/home/frederico/code/projects/crypto_tracker_v2/app/controllers/user/omniauth_callbacks_controller.rb": {
        "lines": [
          null,
          null,
          0,
          null,
          null,
          null,
          null,
          null,
          null,
          null,
          null,
          null,
          null,
          null,
          null,
          null,
          null,
          null,
          null,
          null,
          null,
          null,
          null,
          null,
          null,
          null,
          null,
          null,
          null,
          0
        ],
        "branches": {
        }
      },
      "/home/frederico/code/projects/crypto_tracker_v2/app/controllers/user/passwords_controller.rb": {
        "lines": [
          null,
          null,
          0,
          null,
          null,
          null,
          null,
          null,
          null,
          null,
          null,
          null,
          null,
          null,
          null,
          null,
          null,
          null,
          null,
          null,
          null,
          null,
          null,
          null,
          null,
          null,
          null,
          null,
          null,
          null,
          null,
          null,
          null,
          0
        ],
        "branches": {
        }
      },
      "/home/frederico/code/projects/crypto_tracker_v2/app/controllers/user/registrations_controller.rb": {
        "lines": [
          null,
          null,
          0,
          null,
          null,
          null,
          null,
          null,
          null,
          null,
          null,
          null,
          null,
          null,
          null,
          null,
          null,
          null,
          null,
          null,
          null,
          null,
          null,
          null,
          null,
          null,
          null,
          null,
          null,
          null,
          null,
          null,
          null,
          null,
          null,
          null,
          null,
          null,
          null,
          null,
          null,
          null,
          null,
          null,
          null,
          null,
          null,
          null,
          null,
          null,
          null,
          null,
          null,
          null,
          null,
          null,
          null,
          null,
          null,
          null,
          null,
          null,
          null,
          null,
          null,
          0
        ],
        "branches": {
        }
      },
      "/home/frederico/code/projects/crypto_tracker_v2/app/controllers/user/sessions_controller.rb": {
        "lines": [
          null,
          null,
          0,
          null,
          null,
          null,
          null,
          null,
          null,
          null,
          null,
          null,
          null,
          null,
          null,
          null,
          null,
          null,
          null,
          null,
          null,
          null,
          null,
          null,
          null,
          null,
          0
        ],
        "branches": {
        }
      },
      "/home/frederico/code/projects/crypto_tracker_v2/app/controllers/user/unlocks_controller.rb": {
        "lines": [
          null,
          null,
          0,
          null,
          null,
          null,
          null,
          null,
          null,
          null,
          null,
          null,
          null,
          null,
          null,
          null,
          null,
          null,
          null,
          null,
          null,
          null,
          null,
          null,
          null,
          null,
          null,
          null,
          null,
          0
        ],
        "branches": {
        }
      },
      "/home/frederico/code/projects/crypto_tracker_v2/app/exceptions/api_error.rb": {
        "lines": [
          0,
          0
        ],
        "branches": {
        }
      },
      "/home/frederico/code/projects/crypto_tracker_v2/app/jobs/application_job.rb": {
        "lines": [
          0,
          null,
          null,
          null,
          null,
          null,
          0
        ],
        "branches": {
        }
      }
    },
    "timestamp": 1702599457
  }
}
